cdots-android-app/app/build/intermediates/manifest_merge_blame_file/release/manifest-merger-blame-release-report.txt
1<?xml version="1.0" encoding="utf-8"?>
2<manifest xmlns:android="http://schemas.android.com/apk/res/android"
3    package="com.example.cdots"
4    android:versionCode="1"
5    android:versionName="1.0" >
6
7    <uses-sdk
8        android:minSdkVersion="26"
8-->src/main/AndroidManifest.xml
9        android:targetSdkVersion="29" />
9-->src/main/AndroidManifest.xml
10
11    <uses-permission android:name="android.permission.INTERNET" />
11-->src/main/AndroidManifest.xml:5:5-66
11-->src/main/AndroidManifest.xml:5:22-64
12
13    <application
13-->src/main/AndroidManifest.xml:7:5-29:19
14        android:allowBackup="true"
14-->src/main/AndroidManifest.xml:8:9-35
15        android:appComponentFactory="androidx.core.app.CoreComponentFactory"
15-->[androidx.core:core:1.1.0] AndroidManifest.xml:24:18-86
16        android:extractNativeLibs="false"
17        android:icon="@mipmap/ic_launcher"
17-->src/main/AndroidManifest.xml:9:9-43
18        android:label="@string/app_name"
18-->src/main/AndroidManifest.xml:11:9-41
19        android:networkSecurityConfig="@xml/network_security_config"
19-->src/main/AndroidManifest.xml:10:9-69
20        android:roundIcon="@mipmap/ic_launcher_round"
20-->src/main/AndroidManifest.xml:12:9-54
21        android:supportsRtl="true"
21-->src/main/AndroidManifest.xml:13:9-35
22        android:testOnly="true"
23        android:theme="@style/AppTheme" >
23-->src/main/AndroidManifest.xml:14:9-40
24        <activity
24-->src/main/AndroidManifest.xml:15:9-20:20
25            android:name="com.example.cdots.DisplayMessageActivity"
25-->src/main/AndroidManifest.xml:15:19-57
26            android:parentActivityName="com.example.cdots.MainActivity" >
26-->src/main/AndroidManifest.xml:16:13-55
27            <meta-data
27-->src/main/AndroidManifest.xml:17:13-19:49
28                android:name="android.support.PARENT_ACTIVITY"
28-->src/main/AndroidManifest.xml:18:17-63
29                android:value=".MainActivity" />
29-->src/main/AndroidManifest.xml:19:17-46
30        </activity>
31        <activity android:name="com.example.cdots.MainActivity" >
31-->src/main/AndroidManifest.xml:22:9-28:20
31-->src/main/AndroidManifest.xml:22:19-47
32            <intent-filter>
32-->src/main/AndroidManifest.xml:23:13-27:29
33                <action android:name="android.intent.action.MAIN" />
33-->src/main/AndroidManifest.xml:24:17-69
33-->src/main/AndroidManifest.xml:24:25-66
34
35                <category android:name="android.intent.category.LAUNCHER" />
35-->src/main/AndroidManifest.xml:26:17-77
35-->src/main/AndroidManifest.xml:26:27-74
36            </intent-filter>
37        </activity>
38        <activity
38-->[com.google.android.gms:play-services-auth:16.0.0] AndroidManifest.xml:23:9-27:75
39            android:name="com.google.android.gms.auth.api.signin.internal.SignInHubActivity"
39-->[com.google.android.gms:play-services-auth:16.0.0] AndroidManifest.xml:24:13-93
40            android:excludeFromRecents="true"
40-->[com.google.android.gms:play-services-auth:16.0.0] AndroidManifest.xml:25:13-46
41            android:exported="false"
41-->[com.google.android.gms:play-services-auth:16.0.0] AndroidManifest.xml:26:13-37
42            android:theme="@android:style/Theme.Translucent.NoTitleBar" />
42-->[com.google.android.gms:play-services-auth:16.0.0] AndroidManifest.xml:27:13-72
43        <!--
44            Service handling Google Sign-In user revocation. For apps that do not integrate with
45            Google Sign-In, this service will never be started.
46        -->
47        <service
47-->[com.google.android.gms:play-services-auth:16.0.0] AndroidManifest.xml:33:9-36:110
48            android:name="com.google.android.gms.auth.api.signin.RevocationBoundService"
48-->[com.google.android.gms:play-services-auth:16.0.0] AndroidManifest.xml:34:13-89
49            android:exported="true"
49-->[com.google.android.gms:play-services-auth:16.0.0] AndroidManifest.xml:35:13-36
50            android:permission="com.google.android.gms.auth.api.signin.permission.REVOCATION_NOTIFICATION" />
50-->[com.google.android.gms:play-services-auth:16.0.0] AndroidManifest.xml:36:13-107
51
52        <activity
52-->[com.google.android.gms:play-services-base:16.0.1] AndroidManifest.xml:23:9-26:75
53            android:name="com.google.android.gms.common.api.GoogleApiActivity"
53-->[com.google.android.gms:play-services-base:16.0.1] AndroidManifest.xml:24:13-79
54            android:exported="false"
54-->[com.google.android.gms:play-services-base:16.0.1] AndroidManifest.xml:25:13-37
55            android:theme="@android:style/Theme.Translucent.NoTitleBar" />
55-->[com.google.android.gms:play-services-base:16.0.1] AndroidManifest.xml:26:13-72
56
57        <meta-data
57-->[com.google.android.gms:play-services-basement:16.0.1] AndroidManifest.xml:23:9-25:69
58            android:name="com.google.android.gms.version"
58-->[com.google.android.gms:play-services-basement:16.0.1] AndroidManifest.xml:24:13-58
59            android:value="@integer/google_play_services_version" />
59-->[com.google.android.gms:play-services-basement:16.0.1] AndroidManifest.xml:25:13-66
60    </application>
61
62</manifest>